<?xml version="1.0" encoding="UTF-8"?>
<!-- Generated by org.testng.reporters.JUnitReportReporter -->
<testsuite skipped="0" hostname="MININT-354EBN1" name="com.accenture.automatizacion.testing.test_calculadora" tests="1" failures="0" timestamp="10 jul 2017 15:08:46 GMT" time="107.478" errors="0">
  <testcase name="mytest" time="107.478" classname="com.accenture.automatizacion.testing.test_calculadora"/>
</testsuite> <!-- com.accenture.automatizacion.testing.test_calculadora -->
