<?xml version="1.0" encoding="UTF-8"?>
<!-- Generated by org.testng.reporters.JUnitReportReporter -->
<testsuite skipped="0" hostname="MININT-354EBN1" name="testing.test_calculadora" tests="1" failures="0" timestamp="05 jul 2017 21:59:59 GMT" time="51.047" errors="0">
  <testcase name="mytest" time="51.047" classname="testing.test_calculadora"/>
</testsuite> <!-- testing.test_calculadora -->
